#
# There is insufficient memory for the Java Runtime Environment to continue.
# Native memory allocation (malloc) failed to allocate 32744 bytes for Chunk::new
# Possible reasons:
#   The system is out of physical RAM or swap space
#   The process is running with CompressedOops enabled, and the Java Heap may be blocking the growth of the native heap
# Possible solutions:
#   Reduce memory load on the system
#   Increase physical memory or swap space
#   Check if swap backing store is full
#   Decrease Java heap size (-Xmx/-Xms)
#   Decrease number of Java threads
#   Decrease Java thread stack sizes (-Xss)
#   Set larger code cache with -XX:ReservedCodeCacheSize=
#   JVM is running with Zero Based Compressed Oops mode in which the Java heap is
#     placed in the first 32GB address space. The Java Heap base address is the
#     maximum limit for the native heap growth. Please use -XX:HeapBaseMinAddress
#     to set the Java Heap base and to place the Java Heap above 32GB virtual address.
# This output file may be truncated or incomplete.
#
#  Out of Memory Error (arena.cpp:184), pid=24720, tid=25288
#
# JRE version: Java(TM) SE Runtime Environment (20.0.2+9) (build 20.0.2+9-78)
# Java VM: Java HotSpot(TM) 64-Bit Server VM (20.0.2+9-78, mixed mode, sharing, tiered, compressed oops, compressed class ptrs, g1 gc, windows-amd64)
# No core dump will be written. Minidumps are not enabled by default on client versions of Windows
#

---------------  S U M M A R Y ------------

Command Line: -Dfile.encoding=UTF-8 --module-path=D:\Program Files\mysql-connector-j-8.2.0\mysql-connector-j-8.2.0.jar -XX:+ShowCodeDetailsInExceptionMessages QuanLyDoanVien.DoanVien

Host: 11th Gen Intel(R) Core(TM) i5-1155G7 @ 2.50GHz, 8 cores, 15G,  Windows 11 , 64 bit Build 22621 (10.0.22621.2506)
Time: Thu Dec  7 15:06:28 2023 SE Asia Standard Time elapsed time: 1207.232920 seconds (0d 0h 20m 7s)

---------------  T H R E A D  ---------------

Current thread (0x00000223c7674a70):  JavaThread "C1 CompilerThread0" daemon [_thread_in_native, id=25288, stack(0x000000276bd00000,0x000000276be00000)]


Current CompileTask:
C1:1207232 3083       3       java.net.URLStreamHandler::parseURL (1124 bytes)

Stack: [0x000000276bd00000,0x000000276be00000]
Native frames: (J=compiled Java code, j=interpreted, Vv=VM code, C=native code)
V  [jvm.dll+0x6bc25a]
V  [jvm.dll+0x84971a]
V  [jvm.dll+0x84b315]
V  [jvm.dll+0x84ba13]
V  [jvm.dll+0x280e4f]
V  [jvm.dll+0xc2ab1]
V  [jvm.dll+0xc2dd5]
V  [jvm.dll+0x15c1f5]
V  [jvm.dll+0x168016]
V  [jvm.dll+0x16b047]
V  [jvm.dll+0x16aa75]
V  [jvm.dll+0x162555]
V  [jvm.dll+0x1647d7]
V  [jvm.dll+0x162df5]
V  [jvm.dll+0x15cc4a]
V  [jvm.dll+0x16c776]
V  [jvm.dll+0x157ed0]
V  [jvm.dll+0x158253]
V  [jvm.dll+0x158514]
V  [jvm.dll+0x157956]
V  [jvm.dll+0x15968d]
V  [jvm.dll+0x25a0eb]
V  [jvm.dll+0x2587c0]
V  [jvm.dll+0x3f2dd5]
V  [jvm.dll+0x7f5c76]
V  [jvm.dll+0x6baecb]
C  [ucrtbase.dll+0x29363]
C  [KERNEL32.DLL+0x1257d]
C  [ntdll.dll+0x5aa58]


---------------  P R O C E S S  ---------------

Threads class SMR info:
_java_thread_list=0x000002240c83a8f0, length=17, elements={
0x00000223c765be60, 0x00000223c765cc60, 0x00000223c7663870, 0x00000223c76674d0,
0x00000223c766bad0, 0x00000223c766e970, 0x00000223c7672490, 0x00000223c7674a70,
0x00000223c7627a70, 0x000002240caea3c0, 0x000002240cc86e90, 0x000002240cc873e0,
0x000002240cbe9f60, 0x000002240cd3eff0, 0x000002240cd0e300, 0x00000223a8127f00,
0x000002240e57d470
}

Java Threads: ( => current thread )
  0x00000223c765be60 JavaThread "Reference Handler" daemon [_thread_blocked, id=30592, stack(0x000000276b600000,0x000000276b700000)]
  0x00000223c765cc60 JavaThread "Finalizer" daemon [_thread_blocked, id=32684, stack(0x000000276b700000,0x000000276b800000)]
  0x00000223c7663870 JavaThread "Signal Dispatcher" daemon [_thread_blocked, id=30280, stack(0x000000276b800000,0x000000276b900000)]
  0x00000223c76674d0 JavaThread "Attach Listener" daemon [_thread_blocked, id=30228, stack(0x000000276b900000,0x000000276ba00000)]
  0x00000223c766bad0 JavaThread "Service Thread" daemon [_thread_blocked, id=32344, stack(0x000000276ba00000,0x000000276bb00000)]
  0x00000223c766e970 JavaThread "Monitor Deflation Thread" daemon [_thread_blocked, id=27764, stack(0x000000276bb00000,0x000000276bc00000)]
  0x00000223c7672490 JavaThread "C2 CompilerThread0" daemon [_thread_blocked, id=33032, stack(0x000000276bc00000,0x000000276bd00000)]
=>0x00000223c7674a70 JavaThread "C1 CompilerThread0" daemon [_thread_in_native, id=25288, stack(0x000000276bd00000,0x000000276be00000)]
  0x00000223c7627a70 JavaThread "Common-Cleaner" daemon [_thread_blocked, id=31684, stack(0x000000276be00000,0x000000276bf00000)]
  0x000002240caea3c0 JavaThread "Notification Thread" daemon [_thread_blocked, id=31620, stack(0x000000276c000000,0x000000276c100000)]
  0x000002240cc86e90 JavaThread "Java2D Disposer" daemon [_thread_blocked, id=30120, stack(0x000000276c200000,0x000000276c300000)]
  0x000002240cc873e0 JavaThread "AWT-Shutdown" [_thread_blocked, id=23544, stack(0x000000276c300000,0x000000276c400000)]
  0x000002240cbe9f60 JavaThread "AWT-Windows" daemon [_thread_in_native, id=25744, stack(0x000000276c400000,0x000000276c500000)]
  0x000002240cd3eff0 JavaThread "AWT-EventQueue-0" [_thread_blocked, id=26212, stack(0x000000276c500000,0x000000276c600000)]
  0x000002240cd0e300 JavaThread "mysql-cj-abandoned-connection-cleanup" daemon [_thread_blocked, id=27488, stack(0x000000276c600000,0x000000276c700000)]
  0x00000223a8127f00 JavaThread "DestroyJavaVM" [_thread_blocked, id=18100, stack(0x000000276af00000,0x000000276b000000)]
  0x000002240e57d470 JavaThread "TimerQueue" daemon [_thread_blocked, id=27172, stack(0x000000276c700000,0x000000276c800000)]

Other Threads:
  0x00000223c763ecb0 VMThread "VM Thread" [stack: 0x000000276b500000,0x000000276b600000] [id=15276]
  0x00000223a8128f40 WatcherThread "VM Periodic Task Thread" [stack: 0x000000276c100000,0x000000276c200000] [id=33268]
  0x00000223a8197cf0 WorkerThread "GC Thread#0" [stack: 0x000000276b000000,0x000000276b100000] [id=31936]
  0x000002240e591460 WorkerThread "GC Thread#1" [stack: 0x000000276c800000,0x000000276c900000] [id=19944]
  0x000002240e317400 WorkerThread "GC Thread#2" [stack: 0x000000276c900000,0x000000276ca00000] [id=12316]
  0x000002240e316e60 WorkerThread "GC Thread#3" [stack: 0x000000276ca00000,0x000000276cb00000] [id=32012]
  0x000002240e3176d0 WorkerThread "GC Thread#4" [stack: 0x000000276cb00000,0x000000276cc00000] [id=16032]
  0x000002240e3179a0 WorkerThread "GC Thread#5" [stack: 0x000000276cc00000,0x000000276cd00000] [id=33516]
  0x000002240e3184e0 WorkerThread "GC Thread#6" [stack: 0x000000276cd00000,0x000000276ce00000] [id=32880]
  0x000002240e318210 WorkerThread "GC Thread#7" [stack: 0x000000276ce00000,0x000000276cf00000] [id=3364]
  0x00000223a81a91e0 ConcurrentGCThread "G1 Main Marker" [stack: 0x000000276b100000,0x000000276b200000] [id=26892]
  0x00000223a81a9c10 WorkerThread "G1 Conc#0" [stack: 0x000000276b200000,0x000000276b300000] [id=20832]
  0x00000223a81ee8b0 ConcurrentGCThread "G1 Refine#0" [stack: 0x000000276b300000,0x000000276b400000] [id=20400]
  0x00000223c74fd520 ConcurrentGCThread "G1 Service" [stack: 0x000000276b400000,0x000000276b500000] [id=6660]

Threads with active compile tasks:
C1 CompilerThread0  1207263 3083       3       java.net.URLStreamHandler::parseURL (1124 bytes)

VM state: not at safepoint (normal execution)

VM Mutex/Monitor currently owned by a thread: None

Heap address: 0x0000000703600000, size: 4042 MB, Compressed Oops mode: Zero based, Oop shift amount: 3

CDS archive(s) mapped at: [0x00000223c7800000-0x00000223c8460000-0x00000223c8460000), size 12976128, SharedBaseAddress: 0x00000223c7800000, ArchiveRelocationMode: 1.
Compressed class space mapped at: 0x00000223c8800000-0x0000022408800000, reserved size: 1073741824
Narrow klass base: 0x00000223c7800000, Narrow klass shift: 0, Narrow klass range: 0x100000000

GC Precious Log:
 CardTable entry size: 512
 Card Set container configuration: InlinePtr #cards 4 size 8 Array Of Cards #cards 16 size 48 Howl #buckets 8 coarsen threshold 3686 Howl Bitmap #cards 512 size 80 coarsen threshold 460 Card regions per heap region 1 cards per card region 4096
 CPUs: 8 total, 8 available
 Memory: 16167M
 Large Page Support: Disabled
 NUMA Support: Disabled
 Compressed Oops: Enabled (Zero based)
 Heap Region Size: 2M
 Heap Min Capacity: 8M
 Heap Initial Capacity: 254M
 Heap Max Capacity: 4042M
 Pre-touch: Disabled
 Parallel Workers: 8
 Concurrent Workers: 2
 Concurrent Refinement Workers: 8
 Periodic GC: Disabled

Heap:
 garbage-first heap   total 260096K, used 26959K [0x0000000703600000, 0x0000000800000000)
  region size 2048K, 11 young (22528K), 2 survivors (4096K)
 Metaspace       used 20188K, committed 20480K, reserved 1114112K
  class space    used 2215K, committed 2368K, reserved 1048576K

Heap Regions: E=young(eden), S=young(survivor), O=old, HS=humongous(starts), HC=humongous(continues), CS=collection set, F=free, OA=open archive, CA=closed archive, TAMS=top-at-mark-start, PB=parsable bottom
|   0|0x0000000703600000, 0x0000000703653e00, 0x0000000703800000| 16%| O|  |TAMS 0x0000000703600000| PB 0x0000000703600000| Untracked 
|   1|0x0000000703800000, 0x0000000703a00000, 0x0000000703a00000|100%|HS|  |TAMS 0x0000000703800000| PB 0x0000000703800000| Complete 
|   2|0x0000000703a00000, 0x0000000703c00000, 0x0000000703c00000|100%|HC|  |TAMS 0x0000000703a00000| PB 0x0000000703a00000| Complete 
|   3|0x0000000703c00000, 0x0000000703e00000, 0x0000000703e00000|100%|HC|  |TAMS 0x0000000703c00000| PB 0x0000000703c00000| Complete 
|   4|0x0000000703e00000, 0x0000000703e00000, 0x0000000704000000|  0%| F|  |TAMS 0x0000000703e00000| PB 0x0000000703e00000| Untracked 
|   5|0x0000000704000000, 0x0000000704000000, 0x0000000704200000|  0%| F|  |TAMS 0x0000000704000000| PB 0x0000000704000000| Untracked 
|   6|0x0000000704200000, 0x0000000704200000, 0x0000000704400000|  0%| F|  |TAMS 0x0000000704200000| PB 0x0000000704200000| Untracked 
|   7|0x0000000704400000, 0x0000000704400000, 0x0000000704600000|  0%| F|  |TAMS 0x0000000704400000| PB 0x0000000704400000| Untracked 
|   8|0x0000000704600000, 0x0000000704600000, 0x0000000704800000|  0%| F|  |TAMS 0x0000000704600000| PB 0x0000000704600000| Untracked 
|   9|0x0000000704800000, 0x0000000704800000, 0x0000000704a00000|  0%| F|  |TAMS 0x0000000704800000| PB 0x0000000704800000| Untracked 
|  10|0x0000000704a00000, 0x0000000704a00000, 0x0000000704c00000|  0%| F|  |TAMS 0x0000000704a00000| PB 0x0000000704a00000| Untracked 
|  11|0x0000000704c00000, 0x0000000704c00000, 0x0000000704e00000|  0%| F|  |TAMS 0x0000000704c00000| PB 0x0000000704c00000| Untracked 
|  12|0x0000000704e00000, 0x0000000704e00000, 0x0000000705000000|  0%| F|  |TAMS 0x0000000704e00000| PB 0x0000000704e00000| Untracked 
|  13|0x0000000705000000, 0x0000000705000000, 0x0000000705200000|  0%| F|  |TAMS 0x0000000705000000| PB 0x0000000705000000| Untracked 
|  14|0x0000000705200000, 0x0000000705200000, 0x0000000705400000|  0%| F|  |TAMS 0x0000000705200000| PB 0x0000000705200000| Untracked 
|  15|0x0000000705400000, 0x0000000705400000, 0x0000000705600000|  0%| F|  |TAMS 0x0000000705400000| PB 0x0000000705400000| Untracked 
|  16|0x0000000705600000, 0x0000000705600000, 0x0000000705800000|  0%| F|  |TAMS 0x0000000705600000| PB 0x0000000705600000| Untracked 
|  17|0x0000000705800000, 0x0000000705800000, 0x0000000705a00000|  0%| F|  |TAMS 0x0000000705800000| PB 0x0000000705800000| Untracked 
|  18|0x0000000705a00000, 0x0000000705a00000, 0x0000000705c00000|  0%| F|  |TAMS 0x0000000705a00000| PB 0x0000000705a00000| Untracked 
|  19|0x0000000705c00000, 0x0000000705c00000, 0x0000000705e00000|  0%| F|  |TAMS 0x0000000705c00000| PB 0x0000000705c00000| Untracked 
|  20|0x0000000705e00000, 0x0000000705e00000, 0x0000000706000000|  0%| F|  |TAMS 0x0000000705e00000| PB 0x0000000705e00000| Untracked 
|  21|0x0000000706000000, 0x0000000706000000, 0x0000000706200000|  0%| F|  |TAMS 0x0000000706000000| PB 0x0000000706000000| Untracked 
|  22|0x0000000706200000, 0x0000000706200000, 0x0000000706400000|  0%| F|  |TAMS 0x0000000706200000| PB 0x0000000706200000| Untracked 
|  23|0x0000000706400000, 0x0000000706400000, 0x0000000706600000|  0%| F|  |TAMS 0x0000000706400000| PB 0x0000000706400000| Untracked 
|  24|0x0000000706600000, 0x0000000706600000, 0x0000000706800000|  0%| F|  |TAMS 0x0000000706600000| PB 0x0000000706600000| Untracked 
|  25|0x0000000706800000, 0x0000000706800000, 0x0000000706a00000|  0%| F|  |TAMS 0x0000000706800000| PB 0x0000000706800000| Untracked 
|  26|0x0000000706a00000, 0x0000000706a00000, 0x0000000706c00000|  0%| F|  |TAMS 0x0000000706a00000| PB 0x0000000706a00000| Untracked 
|  27|0x0000000706c00000, 0x0000000706c00000, 0x0000000706e00000|  0%| F|  |TAMS 0x0000000706c00000| PB 0x0000000706c00000| Untracked 
|  28|0x0000000706e00000, 0x0000000706e00000, 0x0000000707000000|  0%| F|  |TAMS 0x0000000706e00000| PB 0x0000000706e00000| Untracked 
|  29|0x0000000707000000, 0x0000000707000000, 0x0000000707200000|  0%| F|  |TAMS 0x0000000707000000| PB 0x0000000707000000| Untracked 
|  30|0x0000000707200000, 0x0000000707200000, 0x0000000707400000|  0%| F|  |TAMS 0x0000000707200000| PB 0x0000000707200000| Untracked 
|  31|0x0000000707400000, 0x0000000707400000, 0x0000000707600000|  0%| F|  |TAMS 0x0000000707400000| PB 0x0000000707400000| Untracked 
|  32|0x0000000707600000, 0x0000000707600000, 0x0000000707800000|  0%| F|  |TAMS 0x0000000707600000| PB 0x0000000707600000| Untracked 
|  33|0x0000000707800000, 0x0000000707800000, 0x0000000707a00000|  0%| F|  |TAMS 0x0000000707800000| PB 0x0000000707800000| Untracked 
|  34|0x0000000707a00000, 0x0000000707a00000, 0x0000000707c00000|  0%| F|  |TAMS 0x0000000707a00000| PB 0x0000000707a00000| Untracked 
|  35|0x0000000707c00000, 0x0000000707c00000, 0x0000000707e00000|  0%| F|  |TAMS 0x0000000707c00000| PB 0x0000000707c00000| Untracked 
|  36|0x0000000707e00000, 0x0000000707e00000, 0x0000000708000000|  0%| F|  |TAMS 0x0000000707e00000| PB 0x0000000707e00000| Untracked 
|  37|0x0000000708000000, 0x0000000708000000, 0x0000000708200000|  0%| F|  |TAMS 0x0000000708000000| PB 0x0000000708000000| Untracked 
|  38|0x0000000708200000, 0x0000000708200000, 0x0000000708400000|  0%| F|  |TAMS 0x0000000708200000| PB 0x0000000708200000| Untracked 
|  39|0x0000000708400000, 0x0000000708400000, 0x0000000708600000|  0%| F|  |TAMS 0x0000000708400000| PB 0x0000000708400000| Untracked 
|  40|0x0000000708600000, 0x0000000708600000, 0x0000000708800000|  0%| F|  |TAMS 0x0000000708600000| PB 0x0000000708600000| Untracked 
|  41|0x0000000708800000, 0x0000000708800000, 0x0000000708a00000|  0%| F|  |TAMS 0x0000000708800000| PB 0x0000000708800000| Untracked 
|  42|0x0000000708a00000, 0x0000000708a00000, 0x0000000708c00000|  0%| F|  |TAMS 0x0000000708a00000| PB 0x0000000708a00000| Untracked 
|  43|0x0000000708c00000, 0x0000000708c00000, 0x0000000708e00000|  0%| F|  |TAMS 0x0000000708c00000| PB 0x0000000708c00000| Untracked 
|  44|0x0000000708e00000, 0x0000000708e00000, 0x0000000709000000|  0%| F|  |TAMS 0x0000000708e00000| PB 0x0000000708e00000| Untracked 
|  45|0x0000000709000000, 0x0000000709000000, 0x0000000709200000|  0%| F|  |TAMS 0x0000000709000000| PB 0x0000000709000000| Untracked 
|  46|0x0000000709200000, 0x0000000709200000, 0x0000000709400000|  0%| F|  |TAMS 0x0000000709200000| PB 0x0000000709200000| Untracked 
|  47|0x0000000709400000, 0x0000000709400000, 0x0000000709600000|  0%| F|  |TAMS 0x0000000709400000| PB 0x0000000709400000| Untracked 
|  48|0x0000000709600000, 0x0000000709600000, 0x0000000709800000|  0%| F|  |TAMS 0x0000000709600000| PB 0x0000000709600000| Untracked 
|  49|0x0000000709800000, 0x0000000709800000, 0x0000000709a00000|  0%| F|  |TAMS 0x0000000709800000| PB 0x0000000709800000| Untracked 
|  50|0x0000000709a00000, 0x0000000709a00000, 0x0000000709c00000|  0%| F|  |TAMS 0x0000000709a00000| PB 0x0000000709a00000| Untracked 
|  51|0x0000000709c00000, 0x0000000709c00000, 0x0000000709e00000|  0%| F|  |TAMS 0x0000000709c00000| PB 0x0000000709c00000| Untracked 
|  52|0x0000000709e00000, 0x0000000709e00000, 0x000000070a000000|  0%| F|  |TAMS 0x0000000709e00000| PB 0x0000000709e00000| Untracked 
|  53|0x000000070a000000, 0x000000070a000000, 0x000000070a200000|  0%| F|  |TAMS 0x000000070a000000| PB 0x000000070a000000| Untracked 
|  54|0x000000070a200000, 0x000000070a200000, 0x000000070a400000|  0%| F|  |TAMS 0x000000070a200000| PB 0x000000070a200000| Untracked 
|  55|0x000000070a400000, 0x000000070a400000, 0x000000070a600000|  0%| F|  |TAMS 0x000000070a400000| PB 0x000000070a400000| Untracked 
|  56|0x000000070a600000, 0x000000070a600000, 0x000000070a800000|  0%| F|  |TAMS 0x000000070a600000| PB 0x000000070a600000| Untracked 
|  57|0x000000070a800000, 0x000000070a800000, 0x000000070aa00000|  0%| F|  |TAMS 0x000000070a800000| PB 0x000000070a800000| Untracked 
|  58|0x000000070aa00000, 0x000000070aa00000, 0x000000070ac00000|  0%| F|  |TAMS 0x000000070aa00000| PB 0x000000070aa00000| Untracked 
|  59|0x000000070ac00000, 0x000000070ac00000, 0x000000070ae00000|  0%| F|  |TAMS 0x000000070ac00000| PB 0x000000070ac00000| Untracked 
|  60|0x000000070ae00000, 0x000000070ae00000, 0x000000070b000000|  0%| F|  |TAMS 0x000000070ae00000| PB 0x000000070ae00000| Untracked 
|  61|0x000000070b000000, 0x000000070b000000, 0x000000070b200000|  0%| F|  |TAMS 0x000000070b000000| PB 0x000000070b000000| Untracked 
|  62|0x000000070b200000, 0x000000070b200000, 0x000000070b400000|  0%| F|  |TAMS 0x000000070b200000| PB 0x000000070b200000| Untracked 
|  63|0x000000070b400000, 0x000000070b400000, 0x000000070b600000|  0%| F|  |TAMS 0x000000070b400000| PB 0x000000070b400000| Untracked 
|  64|0x000000070b600000, 0x000000070b600000, 0x000000070b800000|  0%| F|  |TAMS 0x000000070b600000| PB 0x000000070b600000| Untracked 
|  65|0x000000070b800000, 0x000000070b800000, 0x000000070ba00000|  0%| F|  |TAMS 0x000000070b800000| PB 0x000000070b800000| Untracked 
|  66|0x000000070ba00000, 0x000000070ba00000, 0x000000070bc00000|  0%| F|  |TAMS 0x000000070ba00000| PB 0x000000070ba00000| Untracked 
|  67|0x000000070bc00000, 0x000000070bc00000, 0x000000070be00000|  0%| F|  |TAMS 0x000000070bc00000| PB 0x000000070bc00000| Untracked 
|  68|0x000000070be00000, 0x000000070be00000, 0x000000070c000000|  0%| F|  |TAMS 0x000000070be00000| PB 0x000000070be00000| Untracked 
|  69|0x000000070c000000, 0x000000070c000000, 0x000000070c200000|  0%| F|  |TAMS 0x000000070c000000| PB 0x000000070c000000| Untracked 
|  70|0x000000070c200000, 0x000000070c200000, 0x000000070c400000|  0%| F|  |TAMS 0x000000070c200000| PB 0x000000070c200000| Untracked 
|  71|0x000000070c400000, 0x000000070c400000, 0x000000070c600000|  0%| F|  |TAMS 0x000000070c400000| PB 0x000000070c400000| Untracked 
|  72|0x000000070c600000, 0x000000070c600000, 0x000000070c800000|  0%| F|  |TAMS 0x000000070c600000| PB 0x000000070c600000| Untracked 
|  73|0x000000070c800000, 0x000000070c800000, 0x000000070ca00000|  0%| F|  |TAMS 0x000000070c800000| PB 0x000000070c800000| Untracked 
|  74|0x000000070ca00000, 0x000000070ca00000, 0x000000070cc00000|  0%| F|  |TAMS 0x000000070ca00000| PB 0x000000070ca00000| Untracked 
|  75|0x000000070cc00000, 0x000000070cc00000, 0x000000070ce00000|  0%| F|  |TAMS 0x000000070cc00000| PB 0x000000070cc00000| Untracked 
|  76|0x000000070ce00000, 0x000000070ce00000, 0x000000070d000000|  0%| F|  |TAMS 0x000000070ce00000| PB 0x000000070ce00000| Untracked 
|  77|0x000000070d000000, 0x000000070d000000, 0x000000070d200000|  0%| F|  |TAMS 0x000000070d000000| PB 0x000000070d000000| Untracked 
|  78|0x000000070d200000, 0x000000070d200000, 0x000000070d400000|  0%| F|  |TAMS 0x000000070d200000| PB 0x000000070d200000| Untracked 
|  79|0x000000070d400000, 0x000000070d400000, 0x000000070d600000|  0%| F|  |TAMS 0x000000070d400000| PB 0x000000070d400000| Untracked 
|  80|0x000000070d600000, 0x000000070d600000, 0x000000070d800000|  0%| F|  |TAMS 0x000000070d600000| PB 0x000000070d600000| Untracked 
|  81|0x000000070d800000, 0x000000070d800000, 0x000000070da00000|  0%| F|  |TAMS 0x000000070d800000| PB 0x000000070d800000| Untracked 
|  82|0x000000070da00000, 0x000000070da00000, 0x000000070dc00000|  0%| F|  |TAMS 0x000000070da00000| PB 0x000000070da00000| Untracked 
|  83|0x000000070dc00000, 0x000000070dc00000, 0x000000070de00000|  0%| F|  |TAMS 0x000000070dc00000| PB 0x000000070dc00000| Untracked 
|  84|0x000000070de00000, 0x000000070de00000, 0x000000070e000000|  0%| F|  |TAMS 0x000000070de00000| PB 0x000000070de00000| Untracked 
|  85|0x000000070e000000, 0x000000070e000000, 0x000000070e200000|  0%| F|  |TAMS 0x000000070e000000| PB 0x000000070e000000| Untracked 
|  86|0x000000070e200000, 0x000000070e200000, 0x000000070e400000|  0%| F|  |TAMS 0x000000070e200000| PB 0x000000070e200000| Untracked 
|  87|0x000000070e400000, 0x000000070e400000, 0x000000070e600000|  0%| F|  |TAMS 0x000000070e400000| PB 0x000000070e400000| Untracked 
|  88|0x000000070e600000, 0x000000070e600000, 0x000000070e800000|  0%| F|  |TAMS 0x000000070e600000| PB 0x000000070e600000| Untracked 
|  89|0x000000070e800000, 0x000000070e800000, 0x000000070ea00000|  0%| F|  |TAMS 0x000000070e800000| PB 0x000000070e800000| Untracked 
|  90|0x000000070ea00000, 0x000000070ea00000, 0x000000070ec00000|  0%| F|  |TAMS 0x000000070ea00000| PB 0x000000070ea00000| Untracked 
|  91|0x000000070ec00000, 0x000000070ec00000, 0x000000070ee00000|  0%| F|  |TAMS 0x000000070ec00000| PB 0x000000070ec00000| Untracked 
|  92|0x000000070ee00000, 0x000000070ee00000, 0x000000070f000000|  0%| F|  |TAMS 0x000000070ee00000| PB 0x000000070ee00000| Untracked 
|  93|0x000000070f000000, 0x000000070f000000, 0x000000070f200000|  0%| F|  |TAMS 0x000000070f000000| PB 0x000000070f000000| Untracked 
|  94|0x000000070f200000, 0x000000070f200000, 0x000000070f400000|  0%| F|  |TAMS 0x000000070f200000| PB 0x000000070f200000| Untracked 
|  95|0x000000070f400000, 0x000000070f400000, 0x000000070f600000|  0%| F|  |TAMS 0x000000070f400000| PB 0x000000070f400000| Untracked 
|  96|0x000000070f600000, 0x000000070f600000, 0x000000070f800000|  0%| F|  |TAMS 0x000000070f600000| PB 0x000000070f600000| Untracked 
|  97|0x000000070f800000, 0x000000070f800000, 0x000000070fa00000|  0%| F|  |TAMS 0x000000070f800000| PB 0x000000070f800000| Untracked 
|  98|0x000000070fa00000, 0x000000070fa00000, 0x000000070fc00000|  0%| F|  |TAMS 0x000000070fa00000| PB 0x000000070fa00000| Untracked 
|  99|0x000000070fc00000, 0x000000070fc00000, 0x000000070fe00000|  0%| F|  |TAMS 0x000000070fc00000| PB 0x000000070fc00000| Untracked 
| 100|0x000000070fe00000, 0x000000070fe00000, 0x0000000710000000|  0%| F|  |TAMS 0x000000070fe00000| PB 0x000000070fe00000| Untracked 
| 101|0x0000000710000000, 0x0000000710000000, 0x0000000710200000|  0%| F|  |TAMS 0x0000000710000000| PB 0x0000000710000000| Untracked 
| 102|0x0000000710200000, 0x0000000710200000, 0x0000000710400000|  0%| F|  |TAMS 0x0000000710200000| PB 0x0000000710200000| Untracked 
| 103|0x0000000710400000, 0x0000000710400000, 0x0000000710600000|  0%| F|  |TAMS 0x0000000710400000| PB 0x0000000710400000| Untracked 
| 104|0x0000000710600000, 0x0000000710600000, 0x0000000710800000|  0%| F|  |TAMS 0x0000000710600000| PB 0x0000000710600000| Untracked 
| 105|0x0000000710800000, 0x0000000710800000, 0x0000000710a00000|  0%| F|  |TAMS 0x0000000710800000| PB 0x0000000710800000| Untracked 
| 106|0x0000000710a00000, 0x0000000710a00000, 0x0000000710c00000|  0%| F|  |TAMS 0x0000000710a00000| PB 0x0000000710a00000| Untracked 
| 107|0x0000000710c00000, 0x0000000710c00000, 0x0000000710e00000|  0%| F|  |TAMS 0x0000000710c00000| PB 0x0000000710c00000| Untracked 
| 108|0x0000000710e00000, 0x0000000710e00000, 0x0000000711000000|  0%| F|  |TAMS 0x0000000710e00000| PB 0x0000000710e00000| Untracked 
| 109|0x0000000711000000, 0x0000000711000000, 0x0000000711200000|  0%| F|  |TAMS 0x0000000711000000| PB 0x0000000711000000| Untracked 
| 110|0x0000000711200000, 0x0000000711200000, 0x0000000711400000|  0%| F|  |TAMS 0x0000000711200000| PB 0x0000000711200000| Untracked 
| 111|0x0000000711400000, 0x0000000711400000, 0x0000000711600000|  0%| F|  |TAMS 0x0000000711400000| PB 0x0000000711400000| Untracked 
| 112|0x0000000711600000, 0x0000000711600000, 0x0000000711800000|  0%| F|  |TAMS 0x0000000711600000| PB 0x0000000711600000| Untracked 
| 113|0x0000000711800000, 0x0000000711800000, 0x0000000711a00000|  0%| F|  |TAMS 0x0000000711800000| PB 0x0000000711800000| Untracked 
| 114|0x0000000711a00000, 0x0000000711c00000, 0x0000000711c00000|100%| S|CS|TAMS 0x0000000711a00000| PB 0x0000000711a00000| Complete 
| 115|0x0000000711c00000, 0x0000000711e00000, 0x0000000711e00000|100%| S|CS|TAMS 0x0000000711c00000| PB 0x0000000711c00000| Complete 
| 116|0x0000000711e00000, 0x0000000711e00000, 0x0000000712000000|  0%| F|  |TAMS 0x0000000711e00000| PB 0x0000000711e00000| Untracked 
| 117|0x0000000712000000, 0x0000000712000000, 0x0000000712200000|  0%| F|  |TAMS 0x0000000712000000| PB 0x0000000712000000| Untracked 
| 118|0x0000000712200000, 0x000000071228ac40, 0x0000000712400000| 27%| E|  |TAMS 0x0000000712200000| PB 0x0000000712200000| Complete 
| 119|0x0000000712400000, 0x0000000712600000, 0x0000000712600000|100%| E|CS|TAMS 0x0000000712400000| PB 0x0000000712400000| Complete 
| 120|0x0000000712600000, 0x0000000712800000, 0x0000000712800000|100%| E|CS|TAMS 0x0000000712600000| PB 0x0000000712600000| Complete 
| 121|0x0000000712800000, 0x0000000712a00000, 0x0000000712a00000|100%| E|CS|TAMS 0x0000000712800000| PB 0x0000000712800000| Complete 
| 122|0x0000000712a00000, 0x0000000712c00000, 0x0000000712c00000|100%| E|CS|TAMS 0x0000000712a00000| PB 0x0000000712a00000| Complete 
| 123|0x0000000712c00000, 0x0000000712e00000, 0x0000000712e00000|100%| E|CS|TAMS 0x0000000712c00000| PB 0x0000000712c00000| Complete 
| 124|0x0000000712e00000, 0x0000000713000000, 0x0000000713000000|100%| E|CS|TAMS 0x0000000712e00000| PB 0x0000000712e00000| Complete 
| 125|0x0000000713000000, 0x0000000713200000, 0x0000000713200000|100%| E|CS|TAMS 0x0000000713000000| PB 0x0000000713000000| Complete 
| 126|0x0000000713200000, 0x0000000713400000, 0x0000000713400000|100%| E|CS|TAMS 0x0000000713200000| PB 0x0000000713200000| Complete 

Card table byte_map: [0x00000223bfd20000,0x00000223c0510000] _byte_map_base: 0x00000223bc505000

Marking Bits: (CMBitMap*) 0x00000223a8198330
 Bits: [0x00000223c0d00000, 0x00000223c4c28000)

Polling page: 0x00000223a78f0000

Metaspace:

Usage:
  Non-class:     17.55 MB used.
      Class:      2.16 MB used.
       Both:     19.71 MB used.

Virtual space:
  Non-class space:       64.00 MB reserved,      17.69 MB ( 28%) committed,  1 nodes.
      Class space:        1.00 GB reserved,       2.31 MB ( <1%) committed,  1 nodes.
             Both:        1.06 GB reserved,      20.00 MB (  2%) committed. 

Chunk freelists:
   Non-Class:  2.23 MB
       Class:  1.74 MB
        Both:  3.97 MB

MaxMetaspaceSize: unlimited
CompressedClassSpaceSize: 1.00 GB
Initial GC threshold: 21.00 MB
Current GC threshold: 21.00 MB
CDS: on
MetaspaceReclaimPolicy: balanced
 - commit_granule_bytes: 65536.
 - commit_granule_words: 8192.
 - virtual_space_node_default_size: 8388608.
 - enlarge_chunks_in_place: 1.
 - new_chunks_are_fully_committed: 0.
 - uncommit_free_chunks: 1.
 - use_allocation_guard: 0.


Internal statistics:

num_allocs_failed_limit: 0.
num_arena_births: 196.
num_arena_deaths: 0.
num_vsnodes_births: 2.
num_vsnodes_deaths: 0.
num_space_committed: 320.
num_space_uncommitted: 0.
num_chunks_returned_to_freelist: 0.
num_chunks_taken_from_freelist: 422.
num_chunk_merges: 0.
num_chunk_splits: 252.
num_chunks_enlarged: 139.
num_inconsistent_stats: 0.

CodeHeap 'non-profiled nmethods': size=120000Kb used=1156Kb max_used=1156Kb free=118843Kb
 bounds [0x00000223b7cd0000, 0x00000223b7f40000, 0x00000223bf200000]
CodeHeap 'profiled nmethods': size=120000Kb used=5851Kb max_used=5851Kb free=114148Kb
 bounds [0x00000223b0200000, 0x00000223b07c0000, 0x00000223b7730000]
CodeHeap 'non-nmethods': size=5760Kb used=1938Kb max_used=1966Kb free=3821Kb
 bounds [0x00000223b7730000, 0x00000223b79a0000, 0x00000223b7cd0000]
 total_blobs=3817 nmethods=3082 adapters=644
 compilation: enabled
              stopped_count=0, restarted_count=0
 full_count=0

Compilation events (20 events):
Event: 1147.129 Thread 0x00000223c7674a70 nmethod 3073 0x00000223b07aa090 code [0x00000223b07aa2c0, 0x00000223b07aab48]
Event: 1147.129 Thread 0x00000223c7674a70 3074       3       java.net.URL::isBuiltinStreamHandler (8 bytes)
Event: 1147.129 Thread 0x00000223c7674a70 nmethod 3074 0x00000223b07aae90 code [0x00000223b07ab020, 0x00000223b07ab1e8]
Event: 1147.129 Thread 0x00000223c7674a70 3075       3       sun.net.util.IPAddressUtil::checkHostString (64 bytes)
Event: 1147.130 Thread 0x00000223c7674a70 nmethod 3075 0x00000223b07ab310 code [0x00000223b07ab4c0, 0x00000223b07ab6d0]
Event: 1152.140 Thread 0x00000223c7674a70 3076       3       sun.net.util.IPAddressUtil::scan (62 bytes)
Event: 1152.141 Thread 0x00000223c7674a70 nmethod 3076 0x00000223b07ab790 code [0x00000223b07ab9c0, 0x00000223b07ac2d8]
Event: 1172.184 Thread 0x00000223c7674a70 3078       3       java.util.concurrent.locks.AbstractQueuedSynchronizer$ConditionObject::await (207 bytes)
Event: 1172.186 Thread 0x00000223c7674a70 nmethod 3078 0x00000223b07ac690 code [0x00000223b07ac960, 0x00000223b07ad880]
Event: 1172.186 Thread 0x00000223c7674a70 3077       3       java.lang.ref.ReferenceQueue::await (15 bytes)
Event: 1172.186 Thread 0x00000223c7674a70 nmethod 3077 0x00000223b07ade90 code [0x00000223b07ae020, 0x00000223b07ae1c0]
Event: 1202.230 Thread 0x00000223c7674a70 3079   !   3       java.net.URL::<init> (543 bytes)
Event: 1202.236 Thread 0x00000223c7674a70 nmethod 3079 0x00000223b07ae310 code [0x00000223b07ae900, 0x00000223b07b1fd8]
Event: 1202.237 Thread 0x00000223c7674a70 3080       3       java.net.URLStreamHandler::setURL (156 bytes)
Event: 1202.238 Thread 0x00000223c7674a70 nmethod 3080 0x00000223b07b3e10 code [0x00000223b07b4100, 0x00000223b07b51c8]
Event: 1202.238 Thread 0x00000223c7674a70 3081   !   3       java.net.URL::set (114 bytes)
Event: 1202.239 Thread 0x00000223c7674a70 nmethod 3081 0x00000223b07b5810 code [0x00000223b07b5a40, 0x00000223b07b64a8]
Event: 1207.231 Thread 0x00000223c7674a70 3082       3       sun.net.www.ParseUtil::encodePath (41 bytes)
Event: 1207.231 Thread 0x00000223c7674a70 nmethod 3082 0x00000223b07b6810 code [0x00000223b07b69c0, 0x00000223b07b6c20]
Event: 1207.231 Thread 0x00000223c7674a70 3083       3       java.net.URLStreamHandler::parseURL (1124 bytes)

GC Heap History (2 events):
Event: 0.590 GC heap before
{Heap before GC invocations=0 (full 0):
 garbage-first heap   total 260096K, used 22528K [0x0000000703600000, 0x0000000800000000)
  region size 2048K, 11 young (22528K), 0 survivors (0K)
 Metaspace       used 16047K, committed 16320K, reserved 1114112K
  class space    used 1846K, committed 1984K, reserved 1048576K
}
Event: 0.594 GC heap after
{Heap after GC invocations=1 (full 0):
 garbage-first heap   total 260096K, used 4431K [0x0000000703600000, 0x0000000800000000)
  region size 2048K, 2 young (4096K), 2 survivors (4096K)
 Metaspace       used 16047K, committed 16320K, reserved 1114112K
  class space    used 1846K, committed 1984K, reserved 1048576K
}

Dll operation events (11 events):
Event: 0.006 Loaded shared library D:\Program Files\Java\jdk-20\bin\java.dll
Event: 0.022 Loaded shared library D:\Program Files\Java\jdk-20\bin\jsvml.dll
Event: 0.050 Loaded shared library D:\Program Files\Java\jdk-20\bin\net.dll
Event: 0.051 Loaded shared library D:\Program Files\Java\jdk-20\bin\nio.dll
Event: 0.054 Loaded shared library D:\Program Files\Java\jdk-20\bin\zip.dll
Event: 0.098 Loaded shared library D:\Program Files\Java\jdk-20\bin\jimage.dll
Event: 0.111 Loaded shared library D:\Program Files\Java\jdk-20\bin\awt.dll
Event: 0.332 Loaded shared library D:\Program Files\Java\jdk-20\bin\extnet.dll
Event: 0.389 Loaded shared library D:\Program Files\Java\jdk-20\bin\sunmscapi.dll
Event: 0.648 Loaded shared library D:\Program Files\Java\jdk-20\bin\freetype.dll
Event: 0.648 Loaded shared library D:\Program Files\Java\jdk-20\bin\fontmanager.dll

Deoptimization events (20 events):
Event: 40.428 Thread 0x000002240cd3eff0 Uncommon trap: trap_request=0xffffffc6 fr.pc=0x00000223b7d62ee4 relative=0x0000000000000e84
Event: 40.428 Thread 0x000002240cd3eff0 Uncommon trap: reason=bimorphic_or_optimized_type_check action=maybe_recompile pc=0x00000223b7d62ee4 method=java.util.regex.Pattern$Start.match(Ljava/util/regex/Matcher;ILjava/lang/CharSequence;)Z @ 44 c2
Event: 40.428 Thread 0x000002240cd3eff0 DEOPT PACKING pc=0x00000223b7d62ee4 sp=0x000000276c5fdaa0
Event: 40.428 Thread 0x000002240cd3eff0 DEOPT UNPACKING pc=0x00000223b774d2a2 sp=0x000000276c5fda50 mode 2
Event: 40.428 Thread 0x000002240cd3eff0 Uncommon trap: trap_request=0xffffffc6 fr.pc=0x00000223b7d62ee4 relative=0x0000000000000e84
Event: 40.428 Thread 0x000002240cd3eff0 Uncommon trap: reason=bimorphic_or_optimized_type_check action=maybe_recompile pc=0x00000223b7d62ee4 method=java.util.regex.Pattern$Start.match(Ljava/util/regex/Matcher;ILjava/lang/CharSequence;)Z @ 44 c2
Event: 40.428 Thread 0x000002240cd3eff0 DEOPT PACKING pc=0x00000223b7d62ee4 sp=0x000000276c5fdaa0
Event: 40.428 Thread 0x000002240cd3eff0 DEOPT UNPACKING pc=0x00000223b774d2a2 sp=0x000000276c5fda50 mode 2
Event: 44.261 Thread 0x000002240cd3eff0 Uncommon trap: trap_request=0xffffff45 fr.pc=0x00000223b7dcc810 relative=0x0000000000000e50
Event: 44.261 Thread 0x000002240cd3eff0 Uncommon trap: reason=unstable_if action=reinterpret pc=0x00000223b7dcc810 method=java.awt.Container.getMouseEventTargetImpl(IIZLjava/awt/Container$EventTargetFilter;ZZ)Ljava/awt/Component; @ 218 c2
Event: 44.261 Thread 0x000002240cd3eff0 DEOPT PACKING pc=0x00000223b7dcc810 sp=0x000000276c5fe8f0
Event: 44.261 Thread 0x000002240cd3eff0 DEOPT UNPACKING pc=0x00000223b774d2a2 sp=0x000000276c5fe888 mode 2
Event: 615.247 Thread 0x000002240cd3eff0 Uncommon trap: trap_request=0xffffff45 fr.pc=0x00000223b7dd4404 relative=0x0000000000003e44
Event: 615.247 Thread 0x000002240cd3eff0 Uncommon trap: reason=unstable_if action=reinterpret pc=0x00000223b7dd4404 method=java.awt.EventQueue.getPriority(Ljava/awt/AWTEvent;)I @ 71 c2
Event: 615.247 Thread 0x000002240cd3eff0 DEOPT PACKING pc=0x00000223b7dd4404 sp=0x000000276c5feef0
Event: 615.247 Thread 0x000002240cd3eff0 DEOPT UNPACKING pc=0x00000223b774d2a2 sp=0x000000276c5fedc0 mode 2
Event: 615.247 Thread 0x000002240cd3eff0 Uncommon trap: trap_request=0xffffff45 fr.pc=0x00000223b7dda3a0 relative=0x00000000000000a0
Event: 615.247 Thread 0x000002240cd3eff0 Uncommon trap: reason=unstable_if action=reinterpret pc=0x00000223b7dda3a0 method=java.awt.EventQueue.eventToCacheIndex(Ljava/awt/AWTEvent;)I @ 4 c2
Event: 615.247 Thread 0x000002240cd3eff0 DEOPT PACKING pc=0x00000223b7dda3a0 sp=0x000000276c5fec70
Event: 615.247 Thread 0x000002240cd3eff0 DEOPT UNPACKING pc=0x00000223b774d2a2 sp=0x000000276c5fec10 mode 2

Classes loaded (20 events):
Event: 33.472 Loading class java/nio/charset/CharacterCodingException
Event: 33.472 Loading class java/nio/charset/CharacterCodingException done
Event: 33.472 Loading class java/io/ObjectInputStream
Event: 33.472 Loading class java/io/ObjectInput
Event: 33.472 Loading class java/io/ObjectInput done
Event: 33.472 Loading class java/io/ObjectInputStream done
Event: 33.472 Loading class java/lang/CloneNotSupportedException
Event: 33.472 Loading class java/lang/CloneNotSupportedException done
Event: 33.472 Loading class java/io/ClassCache$CacheRef
Event: 33.472 Loading class java/io/ClassCache$CacheRef done
Event: 33.472 Loading class java/io/ObjectStreamClass$FieldReflectorKey
Event: 33.473 Loading class java/io/ObjectStreamClass$FieldReflectorKey done
Event: 33.473 Loading class java/io/ObjectStreamClass$FieldReflector
Event: 33.473 Loading class java/io/ObjectStreamClass$FieldReflector done
Event: 34.828 Loading class java/io/StringReader
Event: 34.829 Loading class java/io/StringReader done
Event: 620.825 Loading class java/awt/KeyboardFocusManager$2
Event: 620.825 Loading class java/awt/KeyboardFocusManager$2 done
Event: 620.826 Loading class sun/awt/SunToolkit$1
Event: 620.826 Loading class sun/awt/SunToolkit$1 done

Classes unloaded (0 events):
No events

Classes redefined (0 events):
No events

Internal exceptions (20 events):
Event: 0.192 Thread 0x00000223a8127f00 Implicit null exception at 0x00000223b7ce579d to 0x00000223b7ce5819
Event: 0.194 Thread 0x00000223a8127f00 Exception <a 'java/lang/NoSuchMethodError'{0x0000000712d3c8b8}: 'int java.lang.invoke.Invokers$Holder.invokeExact_MT(java.lang.Object, java.lang.Object)'> (0x0000000712d3c8b8) 
thrown [s\open\src\hotspot\share\interpreter\linkResolver.cpp, line 773]
Event: 0.202 Thread 0x00000223a8127f00 Implicit null exception at 0x00000223b7d0454d to 0x00000223b7d05028
Event: 0.284 Thread 0x00000223a8127f00 Exception <a 'java/lang/NoSuchMethodError'{0x0000000712be86d0}: 'void java.lang.invoke.DirectMethodHandle$Holder.invokeStatic(java.lang.Object, java.lang.Object, java.lang.Object)'> (0x0000000712be86d0) 
thrown [s\open\src\hotspot\share\interpreter\linkResolver.cpp, line 773]
Event: 0.285 Thread 0x00000223a8127f00 Exception <a 'java/lang/NoSuchMethodError'{0x0000000712bf5220}: 'java.lang.Object java.lang.invoke.DirectMethodHandle$Holder.invokeVirtual(java.lang.Object, java.lang.Object, java.lang.Object)'> (0x0000000712bf5220) 
thrown [s\open\src\hotspot\share\interpreter\linkResolver.cpp, line 773]
Event: 0.333 Thread 0x00000223a8127f00 Exception <a 'java/lang/NoSuchMethodError'{0x000000071275d2c8}: 'void java.lang.invoke.DirectMethodHandle$Holder.invokeStatic(java.lang.Object, java.lang.Object)'> (0x000000071275d2c8) 
thrown [s\open\src\hotspot\share\interpreter\linkResolver.cpp, line 773]
Event: 0.377 Thread 0x00000223a8127f00 Exception <a 'java/lang/NoSuchMethodError'{0x00000007122590c0}: 'void java.lang.invoke.DirectMethodHandle$Holder.invokeStaticInit(java.lang.Object, java.lang.Object)'> (0x00000007122590c0) 
thrown [s\open\src\hotspot\share\interpreter\linkResolver.cpp, line 773]
Event: 0.412 Thread 0x00000223a8127f00 Exception <a 'sun/nio/fs/WindowsException'{0x00000007123b95d8}> (0x00000007123b95d8) 
thrown [s\open\src\hotspot\share\prims\jni.cpp, line 519]
Event: 0.433 Thread 0x00000223a8127f00 Exception <a 'java/lang/NoSuchMethodError'{0x000000071206e710}: 'java.lang.Object java.lang.invoke.DirectMethodHandle$Holder.invokeStaticInit(java.lang.Object, int, int, int, int)'> (0x000000071206e710) 
thrown [s\open\src\hotspot\share\interpreter\linkResolver.cpp, line 773]
Event: 0.459 Thread 0x00000223a8127f00 Exception <a 'java/lang/NoSuchMethodError'{0x0000000712137740}: 'java.lang.Object java.lang.invoke.DirectMethodHandle$Holder.invokeStaticInit(java.lang.Object, java.lang.Object, int, int, int, int)'> (0x0000000712137740) 
thrown [s\open\src\hotspot\share\interpreter\linkResolver.cpp, line 773]
Event: 0.480 Thread 0x00000223a8127f00 Exception <a 'java/lang/NoSuchMethodError'{0x0000000712193110}: 'int java.lang.invoke.DirectMethodHandle$Holder.invokeSpecial(java.lang.Object, java.lang.Object, java.lang.Object)'> (0x0000000712193110) 
thrown [s\open\src\hotspot\share\interpreter\linkResolver.cpp, line 773]
Event: 0.546 Thread 0x00000223a8127f00 Implicit null exception at 0x00000223b7d40379 to 0x00000223b7d404f4
Event: 0.551 Thread 0x00000223a8127f00 Exception <a 'java/lang/NoSuchMethodError'{0x0000000711ea8a28}: 'void java.lang.invoke.DirectMethodHandle$Holder.invokeVirtual(java.lang.Object, java.lang.Object)'> (0x0000000711ea8a28) 
thrown [s\open\src\hotspot\share\interpreter\linkResolver.cpp, line 773]
Event: 0.632 Thread 0x00000223a8127f00 Exception <a 'java/io/IOException'{0x0000000713084f60}> (0x0000000713084f60) 
thrown [s\open\src\hotspot\share\prims\jni.cpp, line 519]
Event: 0.632 Thread 0x00000223a8127f00 Exception <a 'java/lang/NoSuchMethodError'{0x0000000713085dd0}: 'void java.lang.invoke.DirectMethodHandle$Holder.invokeInterface(java.lang.Object, java.lang.Object)'> (0x0000000713085dd0) 
thrown [s\open\src\hotspot\share\interpreter\linkResolver.cpp, line 773]
Event: 0.646 Thread 0x00000223a8127f00 Exception <a 'java/lang/NoSuchMethodError'{0x000000071310c5d8}: 'void java.lang.invoke.DirectMethodHandle$Holder.invokeStaticInit(java.lang.Object)'> (0x000000071310c5d8) 
thrown [s\open\src\hotspot\share\interpreter\linkResolver.cpp, line 773]
Event: 0.651 Thread 0x00000223a8127f00 Exception <a 'java/io/FileNotFoundException'{0x0000000713117f38}> (0x0000000713117f38) 
thrown [s\open\src\hotspot\share\prims\jni.cpp, line 519]
Event: 33.469 Thread 0x000002240cd3eff0 Exception <a 'java/lang/NoSuchMethodError'{0x0000000712452ee0}: 'long java.lang.invoke.DirectMethodHandle$Holder.invokeSpecial(java.lang.Object, java.lang.Object)'> (0x0000000712452ee0) 
thrown [s\open\src\hotspot\share\interpreter\linkResolver.cpp, line 773]
Event: 33.469 Thread 0x000002240cd3eff0 Exception <a 'java/lang/NoSuchMethodError'{0x00000007124565a8}: 'long java.lang.invoke.Invokers$Holder.invokeExact_MT(java.lang.Object, java.lang.Object)'> (0x00000007124565a8) 
thrown [s\open\src\hotspot\share\interpreter\linkResolver.cpp, line 773]
Event: 40.429 Thread 0x000002240cd3eff0 Exception <a 'java/io/IOException'{0x00000007125c8ba8}> (0x00000007125c8ba8) 
thrown [s\open\src\hotspot\share\prims\jni.cpp, line 519]

VM Operations (20 events):
Event: 38.500 Executing VM operation: Cleanup
Event: 38.500 Executing VM operation: Cleanup done
Event: 40.510 Executing VM operation: Cleanup
Event: 40.510 Executing VM operation: Cleanup done
Event: 42.524 Executing VM operation: Cleanup
Event: 42.524 Executing VM operation: Cleanup done
Event: 45.542 Executing VM operation: Cleanup
Event: 45.542 Executing VM operation: Cleanup done
Event: 60.016 Executing VM operation: HandshakeAllThreads
Event: 60.016 Executing VM operation: HandshakeAllThreads done
Event: 296.040 Executing VM operation: Cleanup
Event: 296.040 Executing VM operation: Cleanup done
Event: 615.625 Executing VM operation: Cleanup
Event: 615.625 Executing VM operation: Cleanup done
Event: 631.726 Executing VM operation: Cleanup
Event: 631.726 Executing VM operation: Cleanup done
Event: 1057.916 Executing VM operation: Cleanup
Event: 1057.916 Executing VM operation: Cleanup done
Event: 1177.795 Executing VM operation: Cleanup
Event: 1177.795 Executing VM operation: Cleanup done

Events (20 events):
Event: 0.042 Thread 0x00000223c7627a70 Thread added: 0x00000223c7627a70
Event: 0.068 Thread 0x00000223c7677160 Thread added: 0x00000223c7677160
Event: 0.088 Thread 0x000002240caea3c0 Thread added: 0x000002240caea3c0
Event: 0.146 Thread 0x000002240cc86e90 Thread added: 0x000002240cc86e90
Event: 0.147 Thread 0x000002240cc873e0 Thread added: 0x000002240cc873e0
Event: 0.148 Thread 0x000002240cbe9f60 Thread added: 0x000002240cbe9f60
Event: 0.214 Thread 0x000002240cd3eff0 Thread added: 0x000002240cd3eff0
Event: 0.248 Thread 0x000002240cd0e300 Thread added: 0x000002240cd0e300
Event: 0.512 Thread 0x00000223c7675b20 Thread added: 0x00000223c7675b20
Event: 0.724 Thread 0x00000223a8127f00 Thread exited: 0x00000223a8127f00
Event: 0.724 Thread 0x00000223a8127f00 Thread added: 0x00000223a8127f00
Event: 0.758 Thread 0x00000223c7675b20 Thread exited: 0x00000223c7675b20
Event: 0.773 Thread 0x000002240e57d470 Thread added: 0x000002240e57d470
Event: 0.940 Thread 0x00000223c7677160 Thread exited: 0x00000223c7677160
Event: 28.314 Thread 0x00000223c7673f50 Thread added: 0x00000223c7673f50
Event: 28.321 Thread 0x00000223c76760b0 Thread added: 0x00000223c76760b0
Event: 28.867 Thread 0x00000223c76760b0 Thread exited: 0x00000223c76760b0
Event: 28.936 Thread 0x00000223c7673f50 Thread exited: 0x00000223c7673f50
Event: 40.422 Thread 0x00000223c76776f0 Thread added: 0x00000223c76776f0
Event: 40.710 Thread 0x00000223c76776f0 Thread exited: 0x00000223c76776f0


Dynamic libraries:
0x00007ff7a03b0000 - 0x00007ff7a03c0000 	D:\Program Files\Java\jdk-20\bin\javaw.exe
0x00007ffc9b5f0000 - 0x00007ffc9b807000 	C:\Windows\SYSTEM32\ntdll.dll
0x00007ffc99d60000 - 0x00007ffc99e24000 	C:\Windows\System32\KERNEL32.DLL
0x00007ffc98ba0000 - 0x00007ffc98f45000 	C:\Windows\System32\KERNELBASE.dll
0x00007ffc98a80000 - 0x00007ffc98b91000 	C:\Windows\System32\ucrtbase.dll
0x00007ffc59a80000 - 0x00007ffc59a99000 	D:\Program Files\Java\jdk-20\bin\jli.dll
0x00007ffc9a390000 - 0x00007ffc9a441000 	C:\Windows\System32\ADVAPI32.dll
0x00007ffc9a280000 - 0x00007ffc9a327000 	C:\Windows\System32\msvcrt.dll
0x00007ffc9b050000 - 0x00007ffc9b0f6000 	C:\Windows\System32\sechost.dll
0x00007ffc9b100000 - 0x00007ffc9b217000 	C:\Windows\System32\RPCRT4.dll
0x00007ffc99340000 - 0x00007ffc994ee000 	C:\Windows\System32\USER32.dll
0x00007ffc98f50000 - 0x00007ffc98f76000 	C:\Windows\System32\win32u.dll
0x00007ffc9b3e0000 - 0x00007ffc9b409000 	C:\Windows\System32\GDI32.dll
0x00007ffc98960000 - 0x00007ffc98a79000 	C:\Windows\System32\gdi32full.dll
0x00007ffc59a60000 - 0x00007ffc59a7b000 	D:\Program Files\Java\jdk-20\bin\VCRUNTIME140.dll
0x00007ffc98ff0000 - 0x00007ffc9908a000 	C:\Windows\System32\msvcp_win.dll
0x00007ffc84f30000 - 0x00007ffc851c3000 	C:\Windows\WinSxS\amd64_microsoft.windows.common-controls_6595b64144ccf1df_6.0.22621.2506_none_270c5ae97388e100\COMCTL32.dll
0x00007ffc8fbf0000 - 0x00007ffc8fbfa000 	C:\Windows\SYSTEM32\VERSION.dll
0x00007ffc9a690000 - 0x00007ffc9a6c1000 	C:\Windows\System32\IMM32.DLL
0x00007ffc8fe20000 - 0x00007ffc8fe2c000 	D:\Program Files\Java\jdk-20\bin\vcruntime140_1.dll
0x00007ffc599d0000 - 0x00007ffc59a5e000 	D:\Program Files\Java\jdk-20\bin\msvcp140.dll
0x00007ffc17810000 - 0x00007ffc184a8000 	D:\Program Files\Java\jdk-20\bin\server\jvm.dll
0x00007ffc94e60000 - 0x00007ffc94e69000 	C:\Windows\SYSTEM32\WSOCK32.dll
0x00007ffc8fdb0000 - 0x00007ffc8fde4000 	C:\Windows\SYSTEM32\WINMM.dll
0x00007ffc9a200000 - 0x00007ffc9a271000 	C:\Windows\System32\WS2_32.dll
0x00007ffc97960000 - 0x00007ffc97978000 	C:\Windows\SYSTEM32\kernel.appcore.dll
0x00007ffc83ca0000 - 0x00007ffc83caa000 	D:\Program Files\Java\jdk-20\bin\jimage.dll
0x00007ffc96260000 - 0x00007ffc96493000 	C:\Windows\SYSTEM32\DBGHELP.DLL
0x00007ffc994f0000 - 0x00007ffc99879000 	C:\Windows\System32\combase.dll
0x00007ffc9a710000 - 0x00007ffc9a7e7000 	C:\Windows\System32\OLEAUT32.dll
0x00007ffc798b0000 - 0x00007ffc798e2000 	C:\Windows\SYSTEM32\dbgcore.DLL
0x00007ffc99200000 - 0x00007ffc9927a000 	C:\Windows\System32\bcryptPrimitives.dll
0x00007ffc1ec30000 - 0x00007ffc1ec56000 	D:\Program Files\Java\jdk-20\bin\java.dll
0x00007ffc17730000 - 0x00007ffc17807000 	D:\Program Files\Java\jdk-20\bin\jsvml.dll
0x00007ffc9a7f0000 - 0x00007ffc9b049000 	C:\Windows\System32\SHELL32.dll
0x00007ffc96880000 - 0x00007ffc97174000 	C:\Windows\SYSTEM32\windows.storage.dll
0x00007ffc96740000 - 0x00007ffc9687e000 	C:\Windows\SYSTEM32\wintypes.dll
0x00007ffc9a100000 - 0x00007ffc9a1f3000 	C:\Windows\System32\SHCORE.dll
0x00007ffc99d00000 - 0x00007ffc99d5e000 	C:\Windows\System32\shlwapi.dll
0x00007ffc98890000 - 0x00007ffc988b6000 	C:\Windows\SYSTEM32\profapi.dll
0x00007ffc48000000 - 0x00007ffc48013000 	D:\Program Files\Java\jdk-20\bin\net.dll
0x00007ffc92dc0000 - 0x00007ffc92ef7000 	C:\Windows\SYSTEM32\WINHTTP.dll
0x00007ffc97de0000 - 0x00007ffc97e49000 	C:\Windows\system32\mswsock.dll
0x00007ffc31f60000 - 0x00007ffc31f76000 	D:\Program Files\Java\jdk-20\bin\nio.dll
0x00007ffc1ec10000 - 0x00007ffc1ec28000 	D:\Program Files\Java\jdk-20\bin\zip.dll
0x00007ffc17410000 - 0x00007ffc175a1000 	D:\Program Files\Java\jdk-20\bin\awt.dll
0x00007ffc958d0000 - 0x00007ffc95967000 	C:\Windows\SYSTEM32\apphelp.dll
0x00007ffc95cd0000 - 0x00007ffc95cfb000 	C:\Windows\system32\DWMAPI.DLL
0x00007ffc95a60000 - 0x00007ffc95b0b000 	C:\Windows\system32\uxtheme.dll
0x00007ffc60860000 - 0x00007ffc60960000 	C:\Windows\system32\opengl32.dll
0x00007ffc612b0000 - 0x00007ffc612dd000 	C:\Windows\SYSTEM32\GLU32.dll
0x00007ffc95b70000 - 0x00007ffc95ba6000 	C:\Windows\SYSTEM32\dxcore.dll
0x00007ffc99eb0000 - 0x00007ffc99fff000 	C:\Windows\System32\MSCTF.dll
0x00007ffc9a4f0000 - 0x00007ffc9a690000 	C:\Windows\System32\ole32.dll
0x00007ffc974a0000 - 0x00007ffc97599000 	C:\Windows\SYSTEM32\DNSAPI.dll
0x00007ffc97420000 - 0x00007ffc9744d000 	C:\Windows\SYSTEM32\IPHLPAPI.DLL
0x00007ffc9a470000 - 0x00007ffc9a479000 	C:\Windows\System32\NSI.dll
0x00007ffc8f930000 - 0x00007ffc8f93a000 	C:\Windows\System32\rasadhlp.dll
0x00007ffc91260000 - 0x00007ffc912e3000 	C:\Windows\System32\fwpuclnt.dll
0x00007ffc5a3b0000 - 0x00007ffc5a3b7000 	D:\Program Files\Java\jdk-20\bin\extnet.dll
0x00007ffc80630000 - 0x00007ffc8063e000 	D:\Program Files\Java\jdk-20\bin\sunmscapi.dll
0x00007ffc99090000 - 0x00007ffc991f6000 	C:\Windows\System32\CRYPT32.dll
0x00007ffc981d0000 - 0x00007ffc981fd000 	C:\Windows\SYSTEM32\ncrypt.dll
0x00007ffc98190000 - 0x00007ffc981c7000 	C:\Windows\SYSTEM32\NTASN1.dll
0x00007ffc98030000 - 0x00007ffc9804b000 	C:\Windows\SYSTEM32\CRYPTSP.dll
0x00007ffc978c0000 - 0x00007ffc978f5000 	C:\Windows\system32\rsaenh.dll
0x00007ffc97ed0000 - 0x00007ffc97efc000 	C:\Windows\SYSTEM32\USERENV.dll
0x00007ffc98200000 - 0x00007ffc98228000 	C:\Windows\SYSTEM32\bcrypt.dll
0x00007ffc98050000 - 0x00007ffc9805c000 	C:\Windows\SYSTEM32\CRYPTBASE.dll
0x00007ffc92870000 - 0x00007ffc92889000 	C:\Windows\SYSTEM32\dhcpcsvc6.DLL
0x00007ffc92850000 - 0x00007ffc9286f000 	C:\Windows\SYSTEM32\dhcpcsvc.DLL
0x00007ffc4f100000 - 0x00007ffc4f186000 	D:\Program Files\Java\jdk-20\bin\freetype.dll
0x00007ffc17330000 - 0x00007ffc17403000 	D:\Program Files\Java\jdk-20\bin\fontmanager.dll
0x00007ffc9b500000 - 0x00007ffc9b5b0000 	C:\Windows\System32\clbcatq.dll
0x00007ffc941e0000 - 0x00007ffc94390000 	C:\Windows\SYSTEM32\WindowsCodecs.dll
0x00007ffc5c750000 - 0x00007ffc5c7ae000 	C:\Windows\system32\dataexchange.dll
0x00007ffc906d0000 - 0x00007ffc90955000 	C:\Windows\system32\twinapi.appcore.dll
0x00007ffc89630000 - 0x00007ffc8977a000 	C:\Windows\SYSTEM32\textinputframework.dll
0x00007ffc955f0000 - 0x00007ffc95723000 	C:\Windows\SYSTEM32\CoreMessaging.dll
0x00007ffc924d0000 - 0x00007ffc9283c000 	C:\Windows\SYSTEM32\CoreUIComponents.dll

dbghelp: loaded successfully - version: 4.0.5 - missing functions: none
symbol engine: initialized successfully - sym options: 0x614 - pdb path: .;D:\Program Files\Java\jdk-20\bin;C:\Windows\SYSTEM32;C:\Windows\WinSxS\amd64_microsoft.windows.common-controls_6595b64144ccf1df_6.0.22621.2506_none_270c5ae97388e100;D:\Program Files\Java\jdk-20\bin\server

VM Arguments:
jvm_args: -Dfile.encoding=UTF-8 --module-path=D:\Program Files\mysql-connector-j-8.2.0\mysql-connector-j-8.2.0.jar -XX:+ShowCodeDetailsInExceptionMessages 
java_command: QuanLyDoanVien.DoanVien
java_class_path (initial): D:\Program Files\Final\bin
Launcher Type: SUN_STANDARD

[Global flags]
     intx CICompilerCount                          = 4                                         {product} {ergonomic}
     uint ConcGCThreads                            = 2                                         {product} {ergonomic}
     uint G1ConcRefinementThreads                  = 8                                         {product} {ergonomic}
   size_t G1HeapRegionSize                         = 2097152                                   {product} {ergonomic}
    uintx GCDrainStackTargetSize                   = 64                                        {product} {ergonomic}
   size_t InitialHeapSize                          = 266338304                                 {product} {ergonomic}
   size_t MarkStackSize                            = 4194304                                   {product} {ergonomic}
   size_t MaxHeapSize                              = 4238344192                                {product} {ergonomic}
   size_t MaxNewSize                               = 2541748224                                {product} {ergonomic}
   size_t MinHeapDeltaBytes                        = 2097152                                   {product} {ergonomic}
   size_t MinHeapSize                              = 8388608                                   {product} {ergonomic}
    uintx NonNMethodCodeHeapSize                   = 5839372                                {pd product} {ergonomic}
    uintx NonProfiledCodeHeapSize                  = 122909434                              {pd product} {ergonomic}
    uintx ProfiledCodeHeapSize                     = 122909434                              {pd product} {ergonomic}
    uintx ReservedCodeCacheSize                    = 251658240                              {pd product} {ergonomic}
     bool SegmentedCodeCache                       = true                                      {product} {ergonomic}
     bool ShowCodeDetailsInExceptionMessages       = true                                   {manageable} {command line}
   size_t SoftMaxHeapSize                          = 4238344192                             {manageable} {ergonomic}
     bool UseCompressedClassPointers               = true                           {product lp64_product} {ergonomic}
     bool UseCompressedOops                        = true                           {product lp64_product} {ergonomic}
     bool UseG1GC                                  = true                                      {product} {ergonomic}
     bool UseLargePagesIndividualAllocation        = false                                  {pd product} {ergonomic}

Logging:
Log output configuration:
 #0: stdout all=warning uptime,level,tags foldmultilines=false
 #1: stderr all=off uptime,level,tags foldmultilines=false

Environment Variables:
PATH=D:/Program Files/Java/jdk-20/bin/server;D:/Program Files/Java/jdk-20/bin;C:\Program Files\Common Files\Oracle\Java\javapath;C:\Windows\system32;C:\Windows;C:\Windows\System32\Wbem;C:\Windows\System32\WindowsPowerShell\v1.0\;C:\Windows\System32\OpenSSH\;D:\Git\cmd;C:\Program Files\dotnet\;C:\Program Files\nodejs\;C:\Program Files\Ampps\php;C:\Program Files\Microsoft SQL Server\130\Tools\Binn\;C:\Program Files\Microsoft SQL Server\Client SDK\ODBC\170\Tools\Binn\;C:\Program Files\Microsoft SQL Server\120\Tools\Binn\;C:\Program Files\Microsoft SQL Server\Client SDK\ODBC\110\Tools\Binn\;C:\Program Files (x86)\Microsoft SQL Server\120\Tools\Binn\;C:\Program Files\Microsoft SQL Server\120\DTS\Binn\;C:\Program Files (x86)\Microsoft SQL Server\120\Tools\Binn\ManagementStudio\;C:\Program Files (x86)\Microsoft SQL Server\120\DTS\Binn\;C:\Program Files\Ampps\www\PHP;C:\Users\ADMIN\AppData\Local\Microsoft\WindowsApps;;D:\Microsoft VS Code\bin;C:\Users\ADMIN\AppData\Roaming\npm;C:\Users\ADMIN\Desktop;
USERNAME=ADMIN
OS=Windows_NT
PROCESSOR_IDENTIFIER=Intel64 Family 6 Model 140 Stepping 2, GenuineIntel
TMP=C:\Users\ADMIN\AppData\Local\Temp
TEMP=C:\Users\ADMIN\AppData\Local\Temp




---------------  S Y S T E M  ---------------

OS:
 Windows 11 , 64 bit Build 22621 (10.0.22621.2506)
OS uptime: 0 days 2:58 hours

CPU: total 8 (initial active 8) (4 cores per cpu, 2 threads per core) family 6 model 140 stepping 2 microcode 0x26, cx8, cmov, fxsr, ht, mmx, 3dnowpref, sse, sse2, sse3, ssse3, sse4.1, sse4.2, popcnt, lzcnt, tsc, tscinvbit, avx, avx2, aes, erms, clmul, bmi1, bmi2, adx, avx512f, avx512dq, avx512cd, avx512bw, avx512vl, sha, fma, vzeroupper, avx512_vpopcntdq, avx512_vpclmulqdq, avx512_vaes, avx512_vnni, clflush, clflushopt, clwb, avx512_vbmi2, avx512_vbmi, rdtscp, rdpid, fsrm, gfni, avx512_bitalg, f16c, pku, cet_ibt, cet_ss, avx512_ifma

Memory: 4k page, system-wide physical 16167M (3292M free)
TotalPageFile size 38180M (AvailPageFile size 0M)
current process WorkingSet (physical memory assigned to process): 123M, peak: 136M
current process commit charge ("private bytes"): 382M, peak: 396M

vm_info: Java HotSpot(TM) 64-Bit Server VM (20.0.2+9-78) for windows-amd64 JRE (20.0.2+9-78), built on 2023-06-14T10:08:48Z by "mach5one" with MS VC++ 17.1 (VS2022)

END.
