#
# There is insufficient memory for the Java Runtime Environment to continue.
# Native memory allocation (mmap) failed to map 266338304 bytes for G1 virtual space
# Possible reasons:
#   The system is out of physical RAM or swap space
#   The process is running with CompressedOops enabled, and the Java Heap may be blocking the growth of the native heap
# Possible solutions:
#   Reduce memory load on the system
#   Increase physical memory or swap space
#   Check if swap backing store is full
#   Decrease Java heap size (-Xmx/-Xms)
#   Decrease number of Java threads
#   Decrease Java thread stack sizes (-Xss)
#   Set larger code cache with -XX:ReservedCodeCacheSize=
#   JVM is running with Zero Based Compressed Oops mode in which the Java heap is
#     placed in the first 32GB address space. The Java Heap base address is the
#     maximum limit for the native heap growth. Please use -XX:HeapBaseMinAddress
#     to set the Java Heap base and to place the Java Heap above 32GB virtual address.
# This output file may be truncated or incomplete.
#
#  Out of Memory Error (os_windows.cpp:3528), pid=31044, tid=29844
#
# JRE version:  (20.0.2+9) (build )
# Java VM: Java HotSpot(TM) 64-Bit Server VM (20.0.2+9-78, mixed mode, sharing, tiered, compressed oops, compressed class ptrs, g1 gc, windows-amd64)
# No core dump will be written. Minidumps are not enabled by default on client versions of Windows
#

---------------  S U M M A R Y ------------

Command Line: -Dfile.encoding=UTF-8 --module-path=D:\Program Files\mysql-connector-j-8.2.0\mysql-connector-j-8.2.0.jar -XX:+ShowCodeDetailsInExceptionMessages QuanLyDoanVien.DoanVien

Host: 11th Gen Intel(R) Core(TM) i5-1155G7 @ 2.50GHz, 8 cores, 15G,  Windows 11 , 64 bit Build 22621 (10.0.22621.2506)
Time: Thu Dec  7 14:29:12 2023 SE Asia Standard Time elapsed time: 0.008202 seconds (0d 0h 0m 0s)

---------------  T H R E A D  ---------------

Current thread (0x0000024d6c906c80):  JavaThread "Unknown thread" [_thread_in_vm, id=29844, stack(0x0000005ebb900000,0x0000005ebba00000)]

Stack: [0x0000005ebb900000,0x0000005ebba00000]
Native frames: (J=compiled Java code, j=interpreted, Vv=VM code, C=native code)
V  [jvm.dll+0x6bc25a]
V  [jvm.dll+0x84971a]
V  [jvm.dll+0x84b315]
V  [jvm.dll+0x84ba13]
V  [jvm.dll+0x280e4f]
V  [jvm.dll+0x6b8fe9]
V  [jvm.dll+0x6adbca]
V  [jvm.dll+0x35b165]
V  [jvm.dll+0x363386]
V  [jvm.dll+0x3b400e]
V  [jvm.dll+0x3b4295]
V  [jvm.dll+0x32b86a]
V  [jvm.dll+0x32c68b]
V  [jvm.dll+0x8123df]
V  [jvm.dll+0x3c1261]
V  [jvm.dll+0x7fe103]
V  [jvm.dll+0x44ccaf]
V  [jvm.dll+0x44e621]
C  [jli.dll+0x5287]
C  [ucrtbase.dll+0x29363]
C  [KERNEL32.DLL+0x1257d]
C  [ntdll.dll+0x5aa58]


---------------  P R O C E S S  ---------------

Threads class SMR info:
_java_thread_list=0x00007ffc1836b118, length=0, elements={
}

Java Threads: ( => current thread )

Other Threads:
  0x0000024d6c979c20 WorkerThread "GC Thread#0" [stack: 0x0000005ebba00000,0x0000005ebbb00000] [id=30872]
  0x0000024d6c98a960 ConcurrentGCThread "G1 Main Marker" [stack: 0x0000005ebbb00000,0x0000005ebbc00000] [id=30812]
  0x0000024d6c98bb30 WorkerThread "G1 Conc#0" [stack: 0x0000005ebbc00000,0x0000005ebbd00000] [id=28928]

[error occurred during error reporting (printing all threads), id 0xc0000005, EXCEPTION_ACCESS_VIOLATION (0xc0000005) at pc=0x00007ffc17b4eea7]
VM state: not at safepoint (not fully initialized)

VM Mutex/Monitor currently owned by a thread:  ([mutex/lock_event])
[0x0000024d6c902770] Heap_lock - owner thread: 0x0000024d6c906c80

Heap address: 0x0000000703600000, size: 4042 MB, Compressed Oops mode: Zero based, Oop shift amount: 3

CDS archive(s) mapped at: [0x0000000000000000-0x0000000000000000-0x0000000000000000), size 0, SharedBaseAddress: 0x0000000800000000, ArchiveRelocationMode: 1.
Narrow klass base: 0x0000000000000000, Narrow klass shift: 0, Narrow klass range: 0x0

GC Precious Log:
 CardTable entry size: 512
 Card Set container configuration: InlinePtr #cards 4 size 8 Array Of Cards #cards 16 size 48 Howl #buckets 8 coarsen threshold 3686 Howl Bitmap #cards 512 size 80 coarsen threshold 460 Card regions per heap region 1 cards per card region 4096

Heap:
 garbage-first heap   total 0K, used 0K [0x0000000703600000, 0x0000000800000000)
  region size 2048K, 0 young (0K), 0 survivors (0K)

[error occurred during error reporting (printing heap information), id 0xc0000005, EXCEPTION_ACCESS_VIOLATION (0xc0000005) at pc=0x00007ffc17f247b9]
GC Heap History (0 events):
No events

Dll operation events (1 events):
Event: 0.006 Loaded shared library D:\Program Files\Java\jdk-20\bin\java.dll

Deoptimization events (0 events):
No events

Classes loaded (0 events):
No events

Classes unloaded (0 events):
No events

Classes redefined (0 events):
No events

Internal exceptions (0 events):
No events

VM Operations (0 events):
No events

Events (0 events):
No events


Dynamic libraries:
0x00007ff7a03b0000 - 0x00007ff7a03c0000 	D:\Program Files\Java\jdk-20\bin\javaw.exe
0x00007ffc9b5f0000 - 0x00007ffc9b807000 	C:\Windows\SYSTEM32\ntdll.dll
0x00007ffc99d60000 - 0x00007ffc99e24000 	C:\Windows\System32\KERNEL32.DLL
0x00007ffc98ba0000 - 0x00007ffc98f45000 	C:\Windows\System32\KERNELBASE.dll
0x00007ffc98a80000 - 0x00007ffc98b91000 	C:\Windows\System32\ucrtbase.dll
0x00007ffc59a80000 - 0x00007ffc59a99000 	D:\Program Files\Java\jdk-20\bin\jli.dll
0x00007ffc59a60000 - 0x00007ffc59a7b000 	D:\Program Files\Java\jdk-20\bin\VCRUNTIME140.dll
0x00007ffc9a390000 - 0x00007ffc9a441000 	C:\Windows\System32\ADVAPI32.dll
0x00007ffc9a280000 - 0x00007ffc9a327000 	C:\Windows\System32\msvcrt.dll
0x00007ffc9b050000 - 0x00007ffc9b0f6000 	C:\Windows\System32\sechost.dll
0x00007ffc9b100000 - 0x00007ffc9b217000 	C:\Windows\System32\RPCRT4.dll
0x00007ffc99340000 - 0x00007ffc994ee000 	C:\Windows\System32\USER32.dll
0x00007ffc98f50000 - 0x00007ffc98f76000 	C:\Windows\System32\win32u.dll
0x00007ffc9b3e0000 - 0x00007ffc9b409000 	C:\Windows\System32\GDI32.dll
0x00007ffc98960000 - 0x00007ffc98a79000 	C:\Windows\System32\gdi32full.dll
0x00007ffc84f30000 - 0x00007ffc851c3000 	C:\Windows\WinSxS\amd64_microsoft.windows.common-controls_6595b64144ccf1df_6.0.22621.2506_none_270c5ae97388e100\COMCTL32.dll
0x00007ffc98ff0000 - 0x00007ffc9908a000 	C:\Windows\System32\msvcp_win.dll
0x00007ffc8fbf0000 - 0x00007ffc8fbfa000 	C:\Windows\SYSTEM32\VERSION.dll
0x00007ffc9a690000 - 0x00007ffc9a6c1000 	C:\Windows\System32\IMM32.DLL
0x00007ffc8fe20000 - 0x00007ffc8fe2c000 	D:\Program Files\Java\jdk-20\bin\vcruntime140_1.dll
0x00007ffc599d0000 - 0x00007ffc59a5e000 	D:\Program Files\Java\jdk-20\bin\msvcp140.dll
0x00007ffc17810000 - 0x00007ffc184a8000 	D:\Program Files\Java\jdk-20\bin\server\jvm.dll
0x00007ffc8fdb0000 - 0x00007ffc8fde4000 	C:\Windows\SYSTEM32\WINMM.dll
0x00007ffc94e60000 - 0x00007ffc94e69000 	C:\Windows\SYSTEM32\WSOCK32.dll
0x00007ffc9a200000 - 0x00007ffc9a271000 	C:\Windows\System32\WS2_32.dll
0x00007ffc97960000 - 0x00007ffc97978000 	C:\Windows\SYSTEM32\kernel.appcore.dll
0x00007ffc83ca0000 - 0x00007ffc83caa000 	D:\Program Files\Java\jdk-20\bin\jimage.dll
0x00007ffc96260000 - 0x00007ffc96493000 	C:\Windows\SYSTEM32\DBGHELP.DLL
0x00007ffc994f0000 - 0x00007ffc99879000 	C:\Windows\System32\combase.dll
0x00007ffc9a710000 - 0x00007ffc9a7e7000 	C:\Windows\System32\OLEAUT32.dll
0x00007ffc798b0000 - 0x00007ffc798e2000 	C:\Windows\SYSTEM32\dbgcore.DLL
0x00007ffc99200000 - 0x00007ffc9927a000 	C:\Windows\System32\bcryptPrimitives.dll
0x00007ffc1ec30000 - 0x00007ffc1ec56000 	D:\Program Files\Java\jdk-20\bin\java.dll

dbghelp: loaded successfully - version: 4.0.5 - missing functions: none
symbol engine: initialized successfully - sym options: 0x614 - pdb path: .;D:\Program Files\Java\jdk-20\bin;C:\Windows\SYSTEM32;C:\Windows\WinSxS\amd64_microsoft.windows.common-controls_6595b64144ccf1df_6.0.22621.2506_none_270c5ae97388e100;D:\Program Files\Java\jdk-20\bin\server

VM Arguments:
jvm_args: -Dfile.encoding=UTF-8 --module-path=D:\Program Files\mysql-connector-j-8.2.0\mysql-connector-j-8.2.0.jar -XX:+ShowCodeDetailsInExceptionMessages 
java_command: QuanLyDoanVien.DoanVien
java_class_path (initial): D:\Program Files\Final\bin
Launcher Type: SUN_STANDARD

[Global flags]
     intx CICompilerCount                          = 4                                         {product} {ergonomic}
     uint ConcGCThreads                            = 2                                         {product} {ergonomic}
     uint G1ConcRefinementThreads                  = 8                                         {product} {ergonomic}
   size_t G1HeapRegionSize                         = 2097152                                   {product} {ergonomic}
    uintx GCDrainStackTargetSize                   = 64                                        {product} {ergonomic}
   size_t InitialHeapSize                          = 266338304                                 {product} {ergonomic}
   size_t MarkStackSize                            = 4194304                                   {product} {ergonomic}
   size_t MaxHeapSize                              = 4238344192                                {product} {ergonomic}
   size_t MinHeapDeltaBytes                        = 2097152                                   {product} {ergonomic}
   size_t MinHeapSize                              = 8388608                                   {product} {ergonomic}
    uintx NonNMethodCodeHeapSize                   = 5839372                                {pd product} {ergonomic}
    uintx NonProfiledCodeHeapSize                  = 122909434                              {pd product} {ergonomic}
    uintx ProfiledCodeHeapSize                     = 122909434                              {pd product} {ergonomic}
    uintx ReservedCodeCacheSize                    = 251658240                              {pd product} {ergonomic}
     bool SegmentedCodeCache                       = true                                      {product} {ergonomic}
     bool ShowCodeDetailsInExceptionMessages       = true                                   {manageable} {command line}
   size_t SoftMaxHeapSize                          = 4238344192                             {manageable} {ergonomic}
     bool UseCompressedClassPointers               = true                           {product lp64_product} {ergonomic}
     bool UseCompressedOops                        = true                           {product lp64_product} {ergonomic}
     bool UseG1GC                                  = true                                      {product} {ergonomic}
     bool UseLargePagesIndividualAllocation        = false                                  {pd product} {ergonomic}

Logging:
Log output configuration:
 #0: stdout all=warning uptime,level,tags foldmultilines=false
 #1: stderr all=off uptime,level,tags foldmultilines=false

Environment Variables:
PATH=D:/Program Files/Java/jdk-20/bin/server;D:/Program Files/Java/jdk-20/bin;C:\Program Files\Common Files\Oracle\Java\javapath;C:\Windows\system32;C:\Windows;C:\Windows\System32\Wbem;C:\Windows\System32\WindowsPowerShell\v1.0\;C:\Windows\System32\OpenSSH\;D:\Git\cmd;C:\Program Files\dotnet\;C:\Program Files\nodejs\;C:\Program Files\Ampps\php;C:\Program Files\Microsoft SQL Server\130\Tools\Binn\;C:\Program Files\Microsoft SQL Server\Client SDK\ODBC\170\Tools\Binn\;C:\Program Files\Microsoft SQL Server\120\Tools\Binn\;C:\Program Files\Microsoft SQL Server\Client SDK\ODBC\110\Tools\Binn\;C:\Program Files (x86)\Microsoft SQL Server\120\Tools\Binn\;C:\Program Files\Microsoft SQL Server\120\DTS\Binn\;C:\Program Files (x86)\Microsoft SQL Server\120\Tools\Binn\ManagementStudio\;C:\Program Files (x86)\Microsoft SQL Server\120\DTS\Binn\;C:\Program Files\Ampps\www\PHP;C:\Users\ADMIN\AppData\Local\Microsoft\WindowsApps;;D:\Microsoft VS Code\bin;C:\Users\ADMIN\AppData\Roaming\npm;C:\Users\ADMIN\Desktop;
USERNAME=ADMIN
OS=Windows_NT
PROCESSOR_IDENTIFIER=Intel64 Family 6 Model 140 Stepping 2, GenuineIntel
TMP=C:\Users\ADMIN\AppData\Local\Temp
TEMP=C:\Users\ADMIN\AppData\Local\Temp




---------------  S Y S T E M  ---------------

OS:
 Windows 11 , 64 bit Build 22621 (10.0.22621.2506)
OS uptime: 0 days 2:21 hours

CPU: total 8 (initial active 8) (4 cores per cpu, 2 threads per core) family 6 model 140 stepping 2 microcode 0x26, cx8, cmov, fxsr, ht, mmx, 3dnowpref, sse, sse2, sse3, ssse3, sse4.1, sse4.2, popcnt, lzcnt, tsc, tscinvbit, avx, avx2, aes, erms, clmul, bmi1, bmi2, adx, avx512f, avx512dq, avx512cd, avx512bw, avx512vl, sha, fma, vzeroupper, avx512_vpopcntdq, avx512_vpclmulqdq, avx512_vaes, avx512_vnni, clflush, clflushopt, clwb, avx512_vbmi2, avx512_vbmi, rdtscp, rdpid, fsrm, gfni, avx512_bitalg, f16c, pku, cet_ibt, cet_ss, avx512_ifma

Memory: 4k page, system-wide physical 16167M (1860M free)
TotalPageFile size 38180M (AvailPageFile size 169M)
current process WorkingSet (physical memory assigned to process): 11M, peak: 11M
current process commit charge ("private bytes"): 60M, peak: 314M

vm_info: Java HotSpot(TM) 64-Bit Server VM (20.0.2+9-78) for windows-amd64 JRE (20.0.2+9-78), built on 2023-06-14T10:08:48Z by "mach5one" with MS VC++ 17.1 (VS2022)

END.
